<?xml version="1.0" encoding="UTF-8" ?>
<testsuite tests="2" failures="0" name="ec.edu.espe.evsustore.view.PnelViewInfoTest" time="0.001" errors="0" skipped="0">
  <properties>
[...]
</properties>
  <testcase classname="ec.edu.espe.evsustore.view.PnelViewInfoTest" name="ec.edu.espe.evsustore.view.PnelViewInfoTest.testGetIdOfComponentModel" time="0.001"/>
  <testcase classname="ec.edu.espe.evsustore.view.PnelViewInfoTest" name="ec.edu.espe.evsustore.view.PnelViewInfoTest.testSplit" time="0"/>
</testsuite>